<?xml version="1.0" encoding="UTF-8"?>
<testng-results ignored="0" total="3" passed="2" failed="1" skipped="0">
  <reporter-output>
  </reporter-output>
  <suite started-at="2022-01-25T10:12:59Z" name="Suite" finished-at="2022-01-25T10:14:01Z" duration-ms="62346">
    <groups>
    </groups>
    <test started-at="2022-01-25T10:12:59Z" name="Test" finished-at="2022-01-25T10:14:01Z" duration-ms="62346">
      <class name="com.hub.testcases.HUBManageCouponTests">
        <test-method is-config="true" signature="setUp([Ljava.lang.Object;)[pri:0, instance:com.hub.testcases.HUBManageCouponTests@60410cd]" started-at="2022-01-25T10:12:59Z" name="setUp" finished-at="2022-01-25T10:13:22Z" duration-ms="22239" status="PASS">
          <params>
            <param index="0">
              <value>
                <![CDATA[[Ljava.lang.Object;@60c16548]]>
              </value>
            </param>
          </params>
          <reporter-output>
          </reporter-output>
        </test-method> <!-- setUp -->
        <test-method signature="couponsPageTitle(java.util.Map)[pri:0, instance:com.hub.testcases.HUBManageCouponTests@60410cd]" started-at="2022-01-25T10:13:22Z" name="couponsPageTitle" finished-at="2022-01-25T10:13:59Z" duration-ms="37734" status="PASS">
          <params>
            <param index="0">
              <value>
                <![CDATA[{password=, execute=yes, testcasename=couponsPageTitle, browser=firefox, username=}]]>
              </value>
            </param>
          </params>
          <reporter-output>
          </reporter-output>
        </test-method> <!-- couponsPageTitle -->
        <test-method is-config="true" signature="tearDown()[pri:0, instance:com.hub.testcases.HUBManageCouponTests@60410cd]" started-at="2022-01-25T10:13:59Z" name="tearDown" finished-at="2022-01-25T10:14:01Z" duration-ms="1732" status="PASS">
          <reporter-output>
          </reporter-output>
        </test-method> <!-- tearDown -->
      </class> <!-- com.hub.testcases.HUBManageCouponTests -->
      <class name="com.hub.testcases.HUBLoginTests">
        <test-method is-config="true" signature="setUp([Ljava.lang.Object;)[pri:0, instance:com.hub.testcases.HUBLoginTests@4ebff610]" started-at="2022-01-25T10:12:59Z" name="setUp" finished-at="2022-01-25T10:13:10Z" duration-ms="10349" status="PASS">
          <params>
            <param index="0">
              <value>
                <![CDATA[[Ljava.lang.Object;@68105edc]]>
              </value>
            </param>
          </params>
          <reporter-output>
          </reporter-output>
        </test-method> <!-- setUp -->
        <test-method is-config="true" signature="setUp([Ljava.lang.Object;)[pri:0, instance:com.hub.testcases.HUBLoginTests@4ebff610]" started-at="2022-01-25T10:12:59Z" name="setUp" finished-at="2022-01-25T10:13:30Z" duration-ms="31111" status="PASS">
          <params>
            <param index="0">
              <value>
                <![CDATA[[Ljava.lang.Object;@511816c0]]>
              </value>
            </param>
          </params>
          <reporter-output>
          </reporter-output>
        </test-method> <!-- setUp -->
        <test-method signature="loginTest(java.util.Map)[pri:0, instance:com.hub.testcases.HUBLoginTests@4ebff610]" started-at="2022-01-25T10:13:10Z" name="loginTest" finished-at="2022-01-25T10:14:01Z" duration-ms="51211" status="PASS">
          <params>
            <param index="0">
              <value>
                <![CDATA[{password=Test@123, execute=yes, testcasename=loginTest, browser=chrome, username=CompanyAdminXBOTest@hungerrush.com}]]>
              </value>
            </param>
          </params>
          <reporter-output>
          </reporter-output>
        </test-method> <!-- loginTest -->
        <test-method signature="loginTest(java.util.Map)[pri:0, instance:com.hub.testcases.HUBLoginTests@4ebff610]" started-at="2022-01-25T10:13:30Z" name="loginTest" finished-at="2022-01-25T10:13:36Z" duration-ms="5625" status="FAIL">
          <params>
            <param index="0">
              <value>
                <![CDATA[{password=Hunger@12, execute=yes, testcasename=loginTest, browser=firefox, username=Satheesh.c@hungerrush.com}]]>
              </value>
            </param>
          </params>
          <exception class="java.lang.AssertionError">
            <message>
              <![CDATA[
expected: "HungerRush HUB | Dashboard"
 but was: "HungerRush HUB | LogOn"]]>
            </message>
            <full-stacktrace>
              <![CDATA[java.lang.AssertionError: 
expected: "HungerRush HUB | Dashboard"
 but was: "HungerRush HUB | LogOn"
at com.hub.testcases.HUBLoginTests.loginTest(HUBLoginTests.java:28)
at java.base/jdk.internal.reflect.NativeMethodAccessorImpl.invoke0(Native Method)
at java.base/jdk.internal.reflect.NativeMethodAccessorImpl.invoke(NativeMethodAccessorImpl.java:77)
at java.base/jdk.internal.reflect.DelegatingMethodAccessorImpl.invoke(DelegatingMethodAccessorImpl.java:43)
at java.base/java.lang.reflect.Method.invoke(Method.java:568)
at org.testng.internal.MethodInvocationHelper.invokeMethod(MethodInvocationHelper.java:124)
at org.testng.internal.Invoker.invokeMethod(Invoker.java:583)
at org.testng.internal.Invoker.invokeTestMethod(Invoker.java:719)
at org.testng.internal.TestMethodWithDataProviderMethodWorker.call(TestMethodWithDataProviderMethodWorker.java:71)
at org.testng.internal.TestMethodWithDataProviderMethodWorker.call(TestMethodWithDataProviderMethodWorker.java:14)
at java.base/java.util.concurrent.FutureTask.run(FutureTask.java:264)
at java.base/java.util.concurrent.Executors$RunnableAdapter.call(Executors.java:539)
at java.base/java.util.concurrent.FutureTask.run(FutureTask.java:264)
at java.base/java.util.concurrent.ThreadPoolExecutor.runWorker(ThreadPoolExecutor.java:1136)
at java.base/java.util.concurrent.ThreadPoolExecutor$Worker.run(ThreadPoolExecutor.java:635)
at java.base/java.lang.Thread.run(Thread.java:833)
]]>
            </full-stacktrace>
          </exception> <!-- java.lang.AssertionError -->
          <reporter-output>
          </reporter-output>
        </test-method> <!-- loginTest -->
        <test-method is-config="true" signature="tearDown()[pri:0, instance:com.hub.testcases.HUBLoginTests@4ebff610]" started-at="2022-01-25T10:13:37Z" name="tearDown" finished-at="2022-01-25T10:13:38Z" duration-ms="1237" status="PASS">
          <reporter-output>
          </reporter-output>
        </test-method> <!-- tearDown -->
        <test-method is-config="true" signature="tearDown()[pri:0, instance:com.hub.testcases.HUBLoginTests@4ebff610]" started-at="2022-01-25T10:14:01Z" name="tearDown" finished-at="2022-01-25T10:14:01Z" duration-ms="356" status="PASS">
          <reporter-output>
          </reporter-output>
        </test-method> <!-- tearDown -->
      </class> <!-- com.hub.testcases.HUBLoginTests -->
    </test> <!-- Test -->
  </suite> <!-- Suite -->
</testng-results>
