<?xml version="1.0" encoding="UTF-8"?>
<testng-results ignored="0" total="1" passed="1" failed="0" skipped="0">
  <reporter-output>
  </reporter-output>
  <suite started-at="2022-01-27T18:56:31Z" name="Suite" finished-at="2022-01-27T18:57:23Z" duration-ms="52350">
    <groups>
    </groups>
    <test started-at="2022-01-27T18:56:31Z" name="Test" finished-at="2022-01-27T18:57:23Z" duration-ms="52350">
      <class name="com.hub.testcases.HUBManageCouponTests">
        <test-method is-config="true" signature="setUp([Ljava.lang.Object;)[pri:0, instance:com.hub.testcases.HUBManageCouponTests@36b4091c]" started-at="2022-01-27T18:56:31Z" name="setUp" finished-at="2022-01-27T18:56:42Z" duration-ms="10619" status="PASS">
          <params>
            <param index="0">
              <value>
                <![CDATA[[Ljava.lang.Object;@76adb233]]>
              </value>
            </param>
          </params>
          <reporter-output>
          </reporter-output>
        </test-method> <!-- setUp -->
        <test-method signature="addCoupon(java.util.Map)[pri:0, instance:com.hub.testcases.HUBManageCouponTests@36b4091c]" started-at="2022-01-27T18:56:42Z" name="addCoupon" finished-at="2022-01-27T18:57:23Z" duration-ms="41172" status="PASS">
          <params>
            <param index="0">
              <value>
                <![CDATA[{password=, execute=yes, testcasename=addCoupon, browser=chrome, username=}]]>
              </value>
            </param>
          </params>
          <reporter-output>
          </reporter-output>
        </test-method> <!-- addCoupon -->
        <test-method is-config="true" signature="tearDown()[pri:0, instance:com.hub.testcases.HUBManageCouponTests@36b4091c]" started-at="2022-01-27T18:57:23Z" name="tearDown" finished-at="2022-01-27T18:57:23Z" duration-ms="193" status="PASS">
          <reporter-output>
          </reporter-output>
        </test-method> <!-- tearDown -->
      </class> <!-- com.hub.testcases.HUBManageCouponTests -->
    </test> <!-- Test -->
  </suite> <!-- Suite -->
</testng-results>
